TeamCode/build/intermediates/manifest_merge_blame_file/debug/manifest-merger-blame-debug-report.txt
1<?xml version="1.0" encoding="utf-8"?>
2<!--
3 Note: the actual manifest file used in your APK merges this file with contributions
4     from the modules on which your app depends (such as FtcRobotController, etc).
5     So it won't ultimately be as empty as it might here appear to be :-)
6-->
7<!-- The package name here determines the package for your R class and your BuildConfig class -->
8<manifest xmlns:android="http://schemas.android.com/apk/res/android"
9    package="com.qualcomm.ftcrobotcontroller"
10    android:versionCode="38"
11    android:versionName="6.0" >
12
13    <uses-sdk
14        android:minSdkVersion="24"
14-->src/main/AndroidManifest.xml
15        android:targetSdkVersion="28" />
15-->src/main/AndroidManifest.xml
16
17    <uses-permission android:name="android.permission.RECEIVE_BOOT_COMPLETED" />
17-->[:FtcRobotController] AndroidManifest.xml:12:5-81
17-->[:FtcRobotController] AndroidManifest.xml:12:22-78
18    <uses-permission
18-->[org.firstinspires.ftc:RobotCore:6.0.1] AndroidManifest.xml:11:5-13:35
19        android:name="android.permission.ACCESS_WIFI_STATE"
19-->[org.firstinspires.ftc:RobotCore:6.0.1] AndroidManifest.xml:12:9-60
20        android:required="true" />
20-->[org.firstinspires.ftc:RobotCore:6.0.1] AndroidManifest.xml:13:9-32
21    <uses-permission
21-->[org.firstinspires.ftc:RobotCore:6.0.1] AndroidManifest.xml:14:5-16:35
22        android:name="android.permission.CHANGE_WIFI_STATE"
22-->[org.firstinspires.ftc:RobotCore:6.0.1] AndroidManifest.xml:15:9-60
23        android:required="true" />
23-->[org.firstinspires.ftc:RobotCore:6.0.1] AndroidManifest.xml:16:9-32
24    <uses-permission android:name="android.permission.BLUETOOTH" />
24-->[org.firstinspires.ftc:RobotCore:6.0.1] AndroidManifest.xml:17:5-68
24-->[org.firstinspires.ftc:RobotCore:6.0.1] AndroidManifest.xml:17:22-65
25    <uses-permission
25-->[org.firstinspires.ftc:RobotCore:6.0.1] AndroidManifest.xml:18:5-20:35
26        android:name="android.permission.ACCESS_NETWORK_STATE"
26-->[org.firstinspires.ftc:RobotCore:6.0.1] AndroidManifest.xml:19:9-63
27        android:required="true" />
27-->[org.firstinspires.ftc:RobotCore:6.0.1] AndroidManifest.xml:20:9-32
28    <uses-permission
28-->[org.firstinspires.ftc:RobotCore:6.0.1] AndroidManifest.xml:21:5-23:35
29        android:name="android.permission.CHANGE_NETWORK_STATE"
29-->[org.firstinspires.ftc:RobotCore:6.0.1] AndroidManifest.xml:22:9-63
30        android:required="true" />
30-->[org.firstinspires.ftc:RobotCore:6.0.1] AndroidManifest.xml:23:9-32
31    <uses-permission
31-->[org.firstinspires.ftc:RobotCore:6.0.1] AndroidManifest.xml:24:5-26:35
32        android:name="android.permission.INTERNET"
32-->[org.firstinspires.ftc:RobotCore:6.0.1] AndroidManifest.xml:25:9-51
33        android:required="true" /> <!-- Classified as Dangerous Permission in SDK 26 -->
33-->[org.firstinspires.ftc:RobotCore:6.0.1] AndroidManifest.xml:26:9-32
34    <uses-permission
34-->[org.firstinspires.ftc:RobotCore:6.0.1] AndroidManifest.xml:29:5-31:35
35        android:name="android.permission.WRITE_EXTERNAL_STORAGE"
35-->[org.firstinspires.ftc:RobotCore:6.0.1] AndroidManifest.xml:30:9-65
36        android:required="true" /> <!-- Classified as Dangerous Permission in SDK 26 -->
36-->[org.firstinspires.ftc:RobotCore:6.0.1] AndroidManifest.xml:31:9-32
37    <uses-permission
37-->[org.firstinspires.ftc:RobotCore:6.0.1] AndroidManifest.xml:33:5-35:35
38        android:name="android.permission.READ_EXTERNAL_STORAGE"
38-->[org.firstinspires.ftc:RobotCore:6.0.1] AndroidManifest.xml:34:9-64
39        android:required="true" /> <!-- Classified as System Permission in SDK 26 -->
39-->[org.firstinspires.ftc:RobotCore:6.0.1] AndroidManifest.xml:35:9-32
40    <uses-permission
40-->[org.firstinspires.ftc:RobotCore:6.0.1] AndroidManifest.xml:38:5-40:35
41        android:name="android.permission.WRITE_SETTINGS"
41-->[org.firstinspires.ftc:RobotCore:6.0.1] AndroidManifest.xml:39:9-57
42        android:required="true" /> <!-- see AppUtil.setTimeZone() -->
42-->[org.firstinspires.ftc:RobotCore:6.0.1] AndroidManifest.xml:40:9-32
43    <uses-permission
43-->[org.firstinspires.ftc:RobotCore:6.0.1] AndroidManifest.xml:43:5-45:35
44        android:name="android.permission.SET_TIME_ZONE"
44-->[org.firstinspires.ftc:RobotCore:6.0.1] AndroidManifest.xml:44:9-56
45        android:required="true" />
45-->[org.firstinspires.ftc:RobotCore:6.0.1] AndroidManifest.xml:45:9-32
46    <!--
47  Note: we suspect that this (android.permission.WAKE_LOCK) is no
48  longer needed, but haven't yet found the time necessary to verify
49  that assertion before removing it
50    -->
51    <uses-permission
51-->[org.firstinspires.ftc:RobotCore:6.0.1] AndroidManifest.xml:52:5-54:35
52        android:name="android.permission.WAKE_LOCK"
52-->[org.firstinspires.ftc:RobotCore:6.0.1] AndroidManifest.xml:53:9-52
53        android:required="true" />
53-->[org.firstinspires.ftc:RobotCore:6.0.1] AndroidManifest.xml:54:9-32
54    <uses-permission android:name="android.permission.CAMERA" />
54-->[org.firstinspires.ftc:RobotCore:6.0.1] AndroidManifest.xml:55:5-65
54-->[org.firstinspires.ftc:RobotCore:6.0.1] AndroidManifest.xml:55:22-62
55    <uses-permission
55-->[org.firstinspires.ftc:RobotCore:6.0.1] AndroidManifest.xml:56:5-58:35
56        android:name="android.permission.ACCESS_COARSE_LOCATION"
56-->[org.firstinspires.ftc:RobotCore:6.0.1] AndroidManifest.xml:57:9-65
57        android:required="true" />
57-->[org.firstinspires.ftc:RobotCore:6.0.1] AndroidManifest.xml:58:9-32
58    <uses-permission
58-->[org.firstinspires.ftc:RobotCore:6.0.1] AndroidManifest.xml:59:5-61:35
59        android:name="android.permission.ACCESS_FINE_LOCATION"
59-->[org.firstinspires.ftc:RobotCore:6.0.1] AndroidManifest.xml:60:9-63
60        android:required="true" />
60-->[org.firstinspires.ftc:RobotCore:6.0.1] AndroidManifest.xml:61:9-32
61    <uses-permission
61-->[org.firstinspires.ftc:RobotCore:6.0.1] AndroidManifest.xml:62:5-64:35
62        android:name="android.permission.READ_PHONE_STATE"
62-->[org.firstinspires.ftc:RobotCore:6.0.1] AndroidManifest.xml:63:9-59
63        android:required="true" />
63-->[org.firstinspires.ftc:RobotCore:6.0.1] AndroidManifest.xml:64:9-32
64    <uses-permission
64-->[org.firstinspires.ftc:RobotCore:6.0.1] AndroidManifest.xml:65:5-67:35
65        android:name="com.revrobotics.permission.UPDATE_CONTROL_HUB"
65-->[org.firstinspires.ftc:RobotCore:6.0.1] AndroidManifest.xml:66:9-69
66        android:required="true" />
66-->[org.firstinspires.ftc:RobotCore:6.0.1] AndroidManifest.xml:67:9-32
67
68    <uses-feature android:name="android.hardware.usb.accessory" />
68-->[org.firstinspires.ftc:RobotCore:6.0.1] AndroidManifest.xml:69:5-67
68-->[org.firstinspires.ftc:RobotCore:6.0.1] AndroidManifest.xml:69:19-64
69    <uses-feature android:glEsVersion="0x00020000" />
69-->[org.firstinspires.ftc:RobotCore:6.0.1] AndroidManifest.xml:70:5-54
69-->[org.firstinspires.ftc:RobotCore:6.0.1] AndroidManifest.xml:70:19-51
70    <!--
71        NOTE: Any application that requests the CAMERA permission but does not
72        declare any camera features with the <uses-feature> element will be
73        assumed to use all camera features (auto-focus and flash). Thus, the
74        application will not be compatible with devices that do not support
75        all camera features. We use <uses-feature> to declare only the
76        camera features that our application does need. For instance, if you
77        request the CAMERA permission, but you do not need auto-focus or
78        flash, then declare only the android.hardware.camera feature. The
79        other camera features that you do not request will no longer be
80        assumed as required.
81    -->
82    <uses-feature android:name="android.hardware.camera" />
82-->[org.firstinspires.ftc:RobotCore:6.0.1] AndroidManifest.xml:84:5-60
82-->[org.firstinspires.ftc:RobotCore:6.0.1] AndroidManifest.xml:84:19-57
83
84    <uses-permission android:name="android.permission.BLUETOOTH_ADMIN" />
84-->[org.firstinspires.ftc:Inspection:6.0.1] AndroidManifest.xml:12:5-74
84-->[org.firstinspires.ftc:Inspection:6.0.1] AndroidManifest.xml:12:22-71
85
86    <application
86-->src/main/AndroidManifest.xml:11:5-19
87        android:name="org.firstinspires.ftc.robotcore.internal.system.RobotApplication"
87-->[org.firstinspires.ftc:RobotCore:6.0.1] AndroidManifest.xml:86:18-97
88        android:allowBackup="true"
88-->[:FtcRobotController] AndroidManifest.xml:15:9-35
89        android:appComponentFactory="androidx.core.app.CoreComponentFactory"
89-->[androidx.core:core:1.7.0-alpha01] AndroidManifest.xml:24:18-86
90        android:debuggable="true"
91        android:extractNativeLibs="true"
91-->[:FtcRobotController] AndroidManifest.xml:16:9-41
92        android:icon="@drawable/ic_launcher"
92-->[:FtcRobotController] AndroidManifest.xml:17:9-45
93        android:label="@string/app_name"
93-->[:FtcRobotController] AndroidManifest.xml:18:9-41
94        android:largeHeap="true"
94-->[:FtcRobotController] AndroidManifest.xml:19:9-33
95        android:testOnly="true"
96        android:theme="@style/AppThemeRedRC" > <!-- Indicates to the ControlHubUpdater what the latest version of the Control Hub is that this app supports -->
96-->[:FtcRobotController] AndroidManifest.xml:20:9-45
97        <meta-data
97-->[:FtcRobotController] AndroidManifest.xml:23:9-25:33
98            android:name="org.firstinspires.latestSupportedControlHubVersion"
98-->[:FtcRobotController] AndroidManifest.xml:24:13-78
99            android:value="1" /> <!-- The main robot controller activity -->
99-->[:FtcRobotController] AndroidManifest.xml:25:13-30
100        <activity
100-->[:FtcRobotController] AndroidManifest.xml:28:9-39:20
101            android:name="org.firstinspires.ftc.robotcontroller.internal.PermissionValidatorWrapper"
101-->[:FtcRobotController] AndroidManifest.xml:29:13-101
102            android:configChanges="orientation|screenSize"
102-->[:FtcRobotController] AndroidManifest.xml:30:13-59
103            android:label="@string/app_name"
103-->[:FtcRobotController] AndroidManifest.xml:31:13-45
104            android:launchMode="singleTask"
104-->[:FtcRobotController] AndroidManifest.xml:32:13-44
105            android:screenOrientation="fullUser" >
105-->[:FtcRobotController] AndroidManifest.xml:33:13-49
106            <intent-filter>
106-->[:FtcRobotController] AndroidManifest.xml:34:13-38:29
107                <category android:name="android.intent.category.LAUNCHER" />
107-->[:FtcRobotController] AndroidManifest.xml:35:17-77
107-->[:FtcRobotController] AndroidManifest.xml:35:27-74
108
109                <action android:name="android.intent.action.MAIN" />
109-->[:FtcRobotController] AndroidManifest.xml:37:17-69
109-->[:FtcRobotController] AndroidManifest.xml:37:25-66
110            </intent-filter>
111        </activity>
112        <activity
112-->[:FtcRobotController] AndroidManifest.xml:40:9-58:20
113            android:name="org.firstinspires.ftc.robotcontroller.internal.FtcRobotControllerActivity"
113-->[:FtcRobotController] AndroidManifest.xml:41:13-101
114            android:configChanges="orientation|screenSize"
114-->[:FtcRobotController] AndroidManifest.xml:42:13-59
115            android:label="@string/app_name"
115-->[:FtcRobotController] AndroidManifest.xml:43:13-45
116            android:launchMode="singleTask"
116-->[:FtcRobotController] AndroidManifest.xml:44:13-44
117            android:screenOrientation="fullUser" >
117-->[:FtcRobotController] AndroidManifest.xml:45:13-49
118            <intent-filter>
118-->[:FtcRobotController] AndroidManifest.xml:46:13-48:29
119                <action android:name="android.hardware.usb.action.USB_DEVICE_ATTACHED" />
119-->[:FtcRobotController] AndroidManifest.xml:47:17-90
119-->[:FtcRobotController] AndroidManifest.xml:47:25-87
120            </intent-filter>
121
122            <meta-data
122-->[:FtcRobotController] AndroidManifest.xml:50:13-52:57
123                android:name="android.hardware.usb.action.USB_DEVICE_ATTACHED"
123-->[:FtcRobotController] AndroidManifest.xml:51:17-79
124                android:resource="@xml/device_filter" />
124-->[:FtcRobotController] AndroidManifest.xml:52:17-54
125
126            <!-- org.firstinspires.main.entry indicates that this app is compatible with the Dragonboard Control Hub -->
127            <meta-data
127-->[:FtcRobotController] AndroidManifest.xml:55:13-57:40
128                android:name="org.firstinspires.main.entry"
128-->[:FtcRobotController] AndroidManifest.xml:56:17-60
129                android:value="true" />
129-->[:FtcRobotController] AndroidManifest.xml:57:17-37
130        </activity> <!-- The robot controller service in which most of the robot functionality is managed -->
131        <service
131-->[:FtcRobotController] AndroidManifest.xml:61:9-63:38
132            android:name="com.qualcomm.ftccommon.FtcRobotControllerService"
132-->[:FtcRobotController] AndroidManifest.xml:62:13-76
133            android:enabled="true" />
133-->[:FtcRobotController] AndroidManifest.xml:63:13-35
134        <!--
135    Needed to support sending logs from log viewer on Nougat and later.
136    Note: DON'T need to shift meta-data to 'androidx' from 'android.support.FILE_PROVIDER_PATHS'
137        -->
138        <provider
138-->[org.firstinspires.ftc:RobotCore:6.0.1] AndroidManifest.xml:92:9-100:20
139            android:name="androidx.core.content.FileProvider"
139-->[org.firstinspires.ftc:RobotCore:6.0.1] AndroidManifest.xml:93:13-62
140            android:authorities="com.qualcomm.ftcrobotcontroller.provider"
140-->[org.firstinspires.ftc:RobotCore:6.0.1] AndroidManifest.xml:94:13-60
141            android:exported="false"
141-->[org.firstinspires.ftc:RobotCore:6.0.1] AndroidManifest.xml:95:13-37
142            android:grantUriPermissions="true" >
142-->[org.firstinspires.ftc:RobotCore:6.0.1] AndroidManifest.xml:96:13-47
143            <meta-data
143-->[org.firstinspires.ftc:RobotCore:6.0.1] AndroidManifest.xml:97:13-99:63
144                android:name="android.support.FILE_PROVIDER_PATHS"
144-->[org.firstinspires.ftc:RobotCore:6.0.1] AndroidManifest.xml:98:17-67
145                android:resource="@xml/file_provider_paths" />
145-->[org.firstinspires.ftc:RobotCore:6.0.1] AndroidManifest.xml:99:17-60
146        </provider> <!-- Service that keeps desktop folders up to date with respect to actual phone file system contents -->
147        <service
147-->[org.firstinspires.ftc:RobotCore:6.0.1] AndroidManifest.xml:103:9-105:38
148            android:name="org.firstinspires.ftc.robotcore.internal.files.MediaTransferProtocolMonitorService"
148-->[org.firstinspires.ftc:RobotCore:6.0.1] AndroidManifest.xml:104:13-110
149            android:enabled="true" />
149-->[org.firstinspires.ftc:RobotCore:6.0.1] AndroidManifest.xml:105:13-35
150
151        <meta-data
151-->[org.firstinspires.ftc:RobotCore:6.0.1] AndroidManifest.xml:107:9-109:41
152            android:name="autoStartService.org.firstinspires.ftc.robotcore.internal.files.MediaTransferProtocolMonitorService"
152-->[org.firstinspires.ftc:RobotCore:6.0.1] AndroidManifest.xml:108:13-127
153            android:value="BOTH|1000" /> <!-- Service that provides build services for OnBotJava -->
153-->[org.firstinspires.ftc:RobotCore:6.0.1] AndroidManifest.xml:109:13-38
154        <service
154-->[org.firstinspires.ftc:RobotCore:6.0.1] AndroidManifest.xml:112:9-114:38
155            android:name="org.firstinspires.ftc.onbotjava.OnBotJavaService"
155-->[org.firstinspires.ftc:RobotCore:6.0.1] AndroidManifest.xml:113:13-76
156            android:enabled="true" />
156-->[org.firstinspires.ftc:RobotCore:6.0.1] AndroidManifest.xml:114:13-35
157
158        <meta-data
158-->[org.firstinspires.ftc:RobotCore:6.0.1] AndroidManifest.xml:116:9-118:39
159            android:name="autoStartService.org.firstinspires.ftc.onbotjava.OnBotJavaService"
159-->[org.firstinspires.ftc:RobotCore:6.0.1] AndroidManifest.xml:117:13-93
160            android:value="RC|2000" />
160-->[org.firstinspires.ftc:RobotCore:6.0.1] AndroidManifest.xml:118:13-36
161
162        <receiver
162-->[org.firstinspires.ftc:RobotCore:6.0.1] AndroidManifest.xml:120:9-127:20
163            android:name="org.firstinspires.ftc.robotserver.internal.webserver.controlhubupdater.ChUpdaterCommManager$ChUpdaterBroadcastReceiver"
163-->[org.firstinspires.ftc:RobotCore:6.0.1] AndroidManifest.xml:121:13-146
164            android:exported="true"
164-->[org.firstinspires.ftc:RobotCore:6.0.1] AndroidManifest.xml:122:13-36
165            android:permission="android.permission.INSTALL_PACKAGES" >
165-->[org.firstinspires.ftc:RobotCore:6.0.1] AndroidManifest.xml:123:13-69
166            <intent-filter>
166-->[org.firstinspires.ftc:RobotCore:6.0.1] AndroidManifest.xml:124:13-126:29
167                <action android:name="com.revrobotics.controlhubupdater.broadcast.RESULT_BROADCAST" />
167-->[org.firstinspires.ftc:RobotCore:6.0.1] AndroidManifest.xml:125:17-103
167-->[org.firstinspires.ftc:RobotCore:6.0.1] AndroidManifest.xml:125:25-100
168            </intent-filter>
169        </receiver>
170
171        <activity
171-->[org.firstinspires.ftc:FtcCommon:6.0.1] AndroidManifest.xml:26:9-30:20
172            android:name="com.qualcomm.ftccommon.FtcRobotControllerSettingsActivity"
172-->[org.firstinspires.ftc:FtcCommon:6.0.1] AndroidManifest.xml:27:13-85
173            android:exported="true"
173-->[org.firstinspires.ftc:FtcCommon:6.0.1] AndroidManifest.xml:28:13-36
174            android:label="@string/settings_activity" >
174-->[org.firstinspires.ftc:FtcCommon:6.0.1] AndroidManifest.xml:29:13-54
175        </activity>
176        <activity
176-->[org.firstinspires.ftc:FtcCommon:6.0.1] AndroidManifest.xml:31:9-36:20
177            android:name="com.qualcomm.ftccommon.configuration.FtcLoadFileActivity"
177-->[org.firstinspires.ftc:FtcCommon:6.0.1] AndroidManifest.xml:32:13-84
178            android:configChanges="orientation|screenSize"
178-->[org.firstinspires.ftc:FtcCommon:6.0.1] AndroidManifest.xml:33:13-59
179            android:exported="true"
179-->[org.firstinspires.ftc:FtcCommon:6.0.1] AndroidManifest.xml:34:13-36
180            android:label="@string/configure_activity" >
180-->[org.firstinspires.ftc:FtcCommon:6.0.1] AndroidManifest.xml:35:13-55
181        </activity>
182        <activity
182-->[org.firstinspires.ftc:FtcCommon:6.0.1] AndroidManifest.xml:37:9-42:20
183            android:name="com.qualcomm.ftccommon.configuration.ConfigureFromTemplateActivity"
183-->[org.firstinspires.ftc:FtcCommon:6.0.1] AndroidManifest.xml:38:13-94
184            android:configChanges="orientation|screenSize"
184-->[org.firstinspires.ftc:FtcCommon:6.0.1] AndroidManifest.xml:39:13-59
185            android:exported="true"
185-->[org.firstinspires.ftc:FtcCommon:6.0.1] AndroidManifest.xml:40:13-36
186            android:label="@string/title_activity_configfromtemplate" >
186-->[org.firstinspires.ftc:FtcCommon:6.0.1] AndroidManifest.xml:41:13-70
187        </activity>
188        <activity
188-->[org.firstinspires.ftc:FtcCommon:6.0.1] AndroidManifest.xml:43:9-48:20
189            android:name="com.qualcomm.ftccommon.ViewLogsActivity"
189-->[org.firstinspires.ftc:FtcCommon:6.0.1] AndroidManifest.xml:44:13-67
190            android:configChanges="orientation|screenSize"
190-->[org.firstinspires.ftc:FtcCommon:6.0.1] AndroidManifest.xml:45:13-59
191            android:exported="true"
191-->[org.firstinspires.ftc:FtcCommon:6.0.1] AndroidManifest.xml:46:13-36
192            android:label="@string/view_logs_activity" >
192-->[org.firstinspires.ftc:FtcCommon:6.0.1] AndroidManifest.xml:47:13-55
193        </activity>
194        <activity
194-->[org.firstinspires.ftc:FtcCommon:6.0.1] AndroidManifest.xml:49:9-53:20
195            android:name="com.qualcomm.ftccommon.configuration.FtcConfigurationActivity"
195-->[org.firstinspires.ftc:FtcCommon:6.0.1] AndroidManifest.xml:50:13-89
196            android:configChanges="orientation|screenSize"
196-->[org.firstinspires.ftc:FtcCommon:6.0.1] AndroidManifest.xml:51:13-59
197            android:label="@string/app_name" >
197-->[org.firstinspires.ftc:FtcCommon:6.0.1] AndroidManifest.xml:52:13-45
198        </activity>
199        <activity
199-->[org.firstinspires.ftc:FtcCommon:6.0.1] AndroidManifest.xml:54:9-58:20
200            android:name="com.qualcomm.ftccommon.configuration.FtcNewFileActivity"
200-->[org.firstinspires.ftc:FtcCommon:6.0.1] AndroidManifest.xml:55:13-83
201            android:configChanges="orientation|screenSize"
201-->[org.firstinspires.ftc:FtcCommon:6.0.1] AndroidManifest.xml:56:13-59
202            android:label="@string/app_name" >
202-->[org.firstinspires.ftc:FtcCommon:6.0.1] AndroidManifest.xml:57:13-45
203        </activity>
204        <activity
204-->[org.firstinspires.ftc:FtcCommon:6.0.1] AndroidManifest.xml:59:9-62:73
205            android:name="com.qualcomm.ftccommon.ConfigWifiDirectActivity"
205-->[org.firstinspires.ftc:FtcCommon:6.0.1] AndroidManifest.xml:60:13-75
206            android:exported="true"
206-->[org.firstinspires.ftc:FtcCommon:6.0.1] AndroidManifest.xml:61:13-36
207            android:label="@string/title_activity_config_wifi_direct" />
207-->[org.firstinspires.ftc:FtcCommon:6.0.1] AndroidManifest.xml:62:13-70
208        <activity
208-->[org.firstinspires.ftc:FtcCommon:6.0.1] AndroidManifest.xml:63:9-67:20
209            android:name="com.qualcomm.ftccommon.FtcAdvancedRCSettingsActivity"
209-->[org.firstinspires.ftc:FtcCommon:6.0.1] AndroidManifest.xml:64:13-80
210            android:exported="true"
210-->[org.firstinspires.ftc:FtcCommon:6.0.1] AndroidManifest.xml:65:13-36
211            android:label="@string/titleAdvancedRCSettings" >
211-->[org.firstinspires.ftc:FtcCommon:6.0.1] AndroidManifest.xml:66:13-60
212        </activity>
213        <activity
213-->[org.firstinspires.ftc:FtcCommon:6.0.1] AndroidManifest.xml:68:9-71:20
214            android:name="com.qualcomm.ftccommon.FtcLynxFirmwareUpdateActivity"
214-->[org.firstinspires.ftc:FtcCommon:6.0.1] AndroidManifest.xml:69:13-80
215            android:exported="true" >
215-->[org.firstinspires.ftc:FtcCommon:6.0.1] AndroidManifest.xml:70:13-36
216        </activity>
217        <activity
217-->[org.firstinspires.ftc:FtcCommon:6.0.1] AndroidManifest.xml:72:9-75:20
218            android:name="com.qualcomm.ftccommon.FtcLynxModuleAddressUpdateActivity"
218-->[org.firstinspires.ftc:FtcCommon:6.0.1] AndroidManifest.xml:73:13-85
219            android:exported="true" >
219-->[org.firstinspires.ftc:FtcCommon:6.0.1] AndroidManifest.xml:74:13-36
220        </activity>
221        <activity
221-->[org.firstinspires.ftc:FtcCommon:6.0.1] AndroidManifest.xml:76:9-80:20
222            android:name="com.qualcomm.ftccommon.FtcWifiDirectChannelSelectorActivity"
222-->[org.firstinspires.ftc:FtcCommon:6.0.1] AndroidManifest.xml:77:13-87
223            android:exported="true"
223-->[org.firstinspires.ftc:FtcCommon:6.0.1] AndroidManifest.xml:78:13-36
224            android:label="@string/title_activity_wifi_channel_selector" >
224-->[org.firstinspires.ftc:FtcCommon:6.0.1] AndroidManifest.xml:79:13-73
225        </activity>
226        <activity
226-->[org.firstinspires.ftc:FtcCommon:6.0.1] AndroidManifest.xml:81:9-85:20
227            android:name="com.qualcomm.ftccommon.FtcWifiDirectRememberedGroupsActivity"
227-->[org.firstinspires.ftc:FtcCommon:6.0.1] AndroidManifest.xml:82:13-88
228            android:exported="true"
228-->[org.firstinspires.ftc:FtcCommon:6.0.1] AndroidManifest.xml:83:13-36
229            android:label="@string/title_activity_wifi_remembered_groups_editor" >
229-->[org.firstinspires.ftc:FtcCommon:6.0.1] AndroidManifest.xml:84:13-81
230        </activity>
231        <activity
231-->[org.firstinspires.ftc:FtcCommon:6.0.1] AndroidManifest.xml:86:9-89:20
232            android:name="com.qualcomm.ftccommon.AboutActivity"
232-->[org.firstinspires.ftc:FtcCommon:6.0.1] AndroidManifest.xml:87:13-64
233            android:label="@string/about_activity" >
233-->[org.firstinspires.ftc:FtcCommon:6.0.1] AndroidManifest.xml:88:13-51
234        </activity>
235        <activity
235-->[org.firstinspires.ftc:FtcCommon:6.0.1] AndroidManifest.xml:90:9-93:20
236            android:name="com.qualcomm.ftccommon.FtcAboutActivity"
236-->[org.firstinspires.ftc:FtcCommon:6.0.1] AndroidManifest.xml:91:13-67
237            android:label="@string/ftc_about_activity" >
237-->[org.firstinspires.ftc:FtcCommon:6.0.1] AndroidManifest.xml:92:13-55
238        </activity>
239        <activity
239-->[org.firstinspires.ftc:FtcCommon:6.0.1] AndroidManifest.xml:94:9-99:20
240            android:name="com.qualcomm.ftccommon.configuration.EditSwapUsbDevices"
240-->[org.firstinspires.ftc:FtcCommon:6.0.1] AndroidManifest.xml:95:13-83
241            android:configChanges="orientation|screenSize"
241-->[org.firstinspires.ftc:FtcCommon:6.0.1] AndroidManifest.xml:96:13-59
242            android:label="@string/edit_swap_devices_activity"
242-->[org.firstinspires.ftc:FtcCommon:6.0.1] AndroidManifest.xml:97:13-63
243            android:windowSoftInputMode="stateHidden" >
243-->[org.firstinspires.ftc:FtcCommon:6.0.1] AndroidManifest.xml:98:13-54
244        </activity>
245        <activity
245-->[org.firstinspires.ftc:FtcCommon:6.0.1] AndroidManifest.xml:100:9-105:20
246            android:name="com.qualcomm.ftccommon.configuration.EditMotorControllerActivity"
246-->[org.firstinspires.ftc:FtcCommon:6.0.1] AndroidManifest.xml:101:13-92
247            android:configChanges="orientation|screenSize"
247-->[org.firstinspires.ftc:FtcCommon:6.0.1] AndroidManifest.xml:102:13-59
248            android:label="@string/edit_motor_controller_activity"
248-->[org.firstinspires.ftc:FtcCommon:6.0.1] AndroidManifest.xml:103:13-67
249            android:windowSoftInputMode="stateHidden" >
249-->[org.firstinspires.ftc:FtcCommon:6.0.1] AndroidManifest.xml:104:13-54
250        </activity>
251        <activity
251-->[org.firstinspires.ftc:FtcCommon:6.0.1] AndroidManifest.xml:106:9-111:20
252            android:name="com.qualcomm.ftccommon.configuration.EditLegacyMotorControllerActivity"
252-->[org.firstinspires.ftc:FtcCommon:6.0.1] AndroidManifest.xml:107:13-98
253            android:configChanges="orientation|screenSize"
253-->[org.firstinspires.ftc:FtcCommon:6.0.1] AndroidManifest.xml:108:13-59
254            android:label="@string/edit_motor_controller_activity"
254-->[org.firstinspires.ftc:FtcCommon:6.0.1] AndroidManifest.xml:109:13-67
255            android:windowSoftInputMode="stateHidden" >
255-->[org.firstinspires.ftc:FtcCommon:6.0.1] AndroidManifest.xml:110:13-54
256        </activity>
257        <activity
257-->[org.firstinspires.ftc:FtcCommon:6.0.1] AndroidManifest.xml:112:9-117:20
258            android:name="com.qualcomm.ftccommon.configuration.EditMotorListActivity"
258-->[org.firstinspires.ftc:FtcCommon:6.0.1] AndroidManifest.xml:113:13-86
259            android:configChanges="orientation|screenSize"
259-->[org.firstinspires.ftc:FtcCommon:6.0.1] AndroidManifest.xml:114:13-59
260            android:label="@string/edit_motor_controller_activity"
260-->[org.firstinspires.ftc:FtcCommon:6.0.1] AndroidManifest.xml:115:13-67
261            android:windowSoftInputMode="stateHidden" >
261-->[org.firstinspires.ftc:FtcCommon:6.0.1] AndroidManifest.xml:116:13-54
262        </activity>
263        <activity
263-->[org.firstinspires.ftc:FtcCommon:6.0.1] AndroidManifest.xml:118:9-123:20
264            android:name="com.qualcomm.ftccommon.configuration.EditServoControllerActivity"
264-->[org.firstinspires.ftc:FtcCommon:6.0.1] AndroidManifest.xml:119:13-92
265            android:configChanges="orientation|screenSize"
265-->[org.firstinspires.ftc:FtcCommon:6.0.1] AndroidManifest.xml:120:13-59
266            android:label="@string/edit_servo_controller_activity"
266-->[org.firstinspires.ftc:FtcCommon:6.0.1] AndroidManifest.xml:121:13-67
267            android:windowSoftInputMode="stateHidden|adjustResize" >
267-->[org.firstinspires.ftc:FtcCommon:6.0.1] AndroidManifest.xml:122:13-67
268        </activity>
269        <activity
269-->[org.firstinspires.ftc:FtcCommon:6.0.1] AndroidManifest.xml:124:9-129:20
270            android:name="com.qualcomm.ftccommon.configuration.EditLegacyServoControllerActivity"
270-->[org.firstinspires.ftc:FtcCommon:6.0.1] AndroidManifest.xml:125:13-98
271            android:configChanges="orientation|screenSize"
271-->[org.firstinspires.ftc:FtcCommon:6.0.1] AndroidManifest.xml:126:13-59
272            android:label="@string/edit_servo_controller_activity"
272-->[org.firstinspires.ftc:FtcCommon:6.0.1] AndroidManifest.xml:127:13-67
273            android:windowSoftInputMode="stateHidden|adjustResize" >
273-->[org.firstinspires.ftc:FtcCommon:6.0.1] AndroidManifest.xml:128:13-67
274        </activity>
275        <activity
275-->[org.firstinspires.ftc:FtcCommon:6.0.1] AndroidManifest.xml:130:9-135:20
276            android:name="com.qualcomm.ftccommon.configuration.EditServoListActivity"
276-->[org.firstinspires.ftc:FtcCommon:6.0.1] AndroidManifest.xml:131:13-86
277            android:configChanges="orientation|screenSize"
277-->[org.firstinspires.ftc:FtcCommon:6.0.1] AndroidManifest.xml:132:13-59
278            android:label="@string/edit_servo_controller_activity"
278-->[org.firstinspires.ftc:FtcCommon:6.0.1] AndroidManifest.xml:133:13-67
279            android:windowSoftInputMode="stateHidden|adjustResize" >
279-->[org.firstinspires.ftc:FtcCommon:6.0.1] AndroidManifest.xml:134:13-67
280        </activity>
281        <activity
281-->[org.firstinspires.ftc:FtcCommon:6.0.1] AndroidManifest.xml:136:9-141:20
282            android:name="com.qualcomm.ftccommon.configuration.EditLegacyModuleControllerActivity"
282-->[org.firstinspires.ftc:FtcCommon:6.0.1] AndroidManifest.xml:137:13-99
283            android:configChanges="orientation|screenSize"
283-->[org.firstinspires.ftc:FtcCommon:6.0.1] AndroidManifest.xml:138:13-59